<?xml version="1.0" encoding="UTF-8"?>
<robot generator="Robot 7.0 (Python 3.12.0 on win32)" generated="2024-06-23T20:11:09.712796" rpa="false" schemaversion="5">
<suite id="s1" name="Amazon Tests" source="C:\Users\JesMat\Documents\projetos\Testes\robotframework\RobotFrameworkBasic\WebTesting\amazon_tests.robot">
<test id="s1-t1" name="Caso de teste 01 - Acesso ao Menu &quot;Eletronicos&quot;" line="9">
<kw name="Abrir o navegador" owner="amazon_resources" type="SETUP">
<kw name="Open Browser" owner="SeleniumLibrary">
<msg time="2024-06-23T20:11:10.136931" level="INFO">Opening browser 'chrome' to base url 'None'.</msg>
<msg time="2024-06-23T20:11:10.695842" level="WARN">The chromedriver version (125.0.6422.141) detected in PATH at C:\Users\JesMat\AppData\Local\Programs\Python\Python312\Scripts\chromedriver.exe might not be compatible with the detected chrome version (126.0.6478.114); currently, chromedriver 126.0.6478.63 is recommended for chrome 126.*, so it is advised to delete the driver in PATH and retry</msg>
<arg>browser=chrome</arg>
<doc>Opens a new browser instance to the optional ``url``.</doc>
<status status="PASS" start="2024-06-23T20:11:10.136931" elapsed="2.089921"/>
</kw>
<kw name="Maximize Browser Window" owner="SeleniumLibrary">
<doc>Maximizes current browser window.</doc>
<status status="PASS" start="2024-06-23T20:11:12.227852" elapsed="0.176972"/>
</kw>
<status status="PASS" start="2024-06-23T20:11:10.135931" elapsed="2.268893"/>
</kw>
<kw name="Acessar a home page do site amazon.com.br" owner="amazon_resources">
<kw name="Go To" owner="SeleniumLibrary">
<msg time="2024-06-23T20:11:12.411824" level="INFO">Opening url 'https://www.amazon.com.br/'</msg>
<arg>url=${URL}</arg>
<doc>Navigates the current browser window to the provided ``url``.</doc>
<status status="PASS" start="2024-06-23T20:11:12.411824" elapsed="1.108827"/>
</kw>
<kw name="Wait Until Element Is Visible" owner="SeleniumLibrary">
<arg>locator=${MENU_ELETRONICOS}</arg>
<doc>Waits until the element ``locator`` is visible.</doc>
<status status="PASS" start="2024-06-23T20:11:13.521650" elapsed="0.225965"/>
</kw>
<kw name="Sleep" owner="BuiltIn">
<msg time="2024-06-23T20:11:38.749783" level="INFO">Slept 25 seconds.</msg>
<arg>25s</arg>
<doc>Pauses the test executed for the given time.</doc>
<status status="PASS" start="2024-06-23T20:11:13.747615" elapsed="25.002168"/>
</kw>
<status status="PASS" start="2024-06-23T20:11:12.410833" elapsed="26.338950"/>
</kw>
<kw name="Fechar o navegador" owner="amazon_resources" type="TEARDOWN">
<kw name="Close Browser" owner="SeleniumLibrary">
<doc>Closes the current browser.</doc>
<status status="PASS" start="2024-06-23T20:11:38.750787" elapsed="2.479163"/>
</kw>
<status status="PASS" start="2024-06-23T20:11:38.750787" elapsed="2.479163"/>
</kw>
<doc>Esse teste verifica o menu eletronicos do site da amazon.com.br
E da categoria de Computadores e Informática</doc>
<tag>menus</tag>
<status status="PASS" start="2024-06-23T20:11:10.133930" elapsed="31.096747"/>
</test>
<doc>Essa suite testa o site da amazon.com.busca_produtos</doc>
<status status="PASS" start="2024-06-23T20:11:09.715777" elapsed="31.517414"/>
</suite>
<statistics>
<total>
<stat pass="1" fail="0" skip="0">All Tests</stat>
</total>
<tag>
<stat pass="1" fail="0" skip="0">menus</stat>
</tag>
<suite>
<stat pass="1" fail="0" skip="0" id="s1" name="Amazon Tests">Amazon Tests</stat>
</suite>
</statistics>
<errors>
<msg time="2024-06-23T20:11:10.695842" level="WARN">The chromedriver version (125.0.6422.141) detected in PATH at C:\Users\JesMat\AppData\Local\Programs\Python\Python312\Scripts\chromedriver.exe might not be compatible with the detected chrome version (126.0.6478.114); currently, chromedriver 126.0.6478.63 is recommended for chrome 126.*, so it is advised to delete the driver in PATH and retry</msg>
</errors>
</robot>
